# JRE version: OpenJDK Runtime Environment Corretto-17.0.12.7.1 (17.0.12+7) (build 17.0.12+7-LTS)
# Java VM: OpenJDK 64-Bit Server VM Corretto-17.0.12.7.1 (17.0.12+7-LTS, mixed mode, emulated-client, sharing, tiered, compressed oops, compressed class ptrs, g1 gc, windows-amd64)
GC Precious Log:
 CPUs: 16 total, 16 available
 Memory: 16219M
 Large Page Support: Disabled
 NUMA Support: Disabled
 Compressed Oops: Enabled (Zero based)
 Heap Region Size: 2M
 Heap Min Capacity: 8M
 Heap Initial Capacity: 254M
 Heap Max Capacity: 4056M
 Pre-touch: Disabled
 Parallel Workers: 13
 Concurrent Workers: 3
 Concurrent Refinement Workers: 13
 Periodic GC: Disabled
Heap:
 garbage-first heap   total 172032K, used 85472K [0x0000000702800000, 0x0000000800000000)
  region size 2048K, 21 young (43008K), 5 survivors (10240K)
 Metaspace       used 91154K, committed 91840K, reserved 1179648K
  class space    used 13097K, committed 13440K, reserved 1048576K
GC Heap History (20 events):
Event: 23.492 GC heap before
{Heap before GC invocations=26 (full 0):
 garbage-first heap   total 133120K, used 102763K [0x0000000702800000, 0x0000000800000000)
  region size 2048K, 29 young (59392K), 3 survivors (6144K)
 Metaspace       used 73204K, committed 73856K, reserved 1114112K
  class space    used 10824K, committed 11136K, reserved 1048576K
}
Event: 23.500 GC heap after
{Heap after GC invocations=27 (full 0):
 garbage-first heap   total 133120K, used 65435K [0x0000000702800000, 0x0000000800000000)
  region size 2048K, 4 young (8192K), 4 survivors (8192K)
 Metaspace       used 73204K, committed 73856K, reserved 1114112K
  class space    used 10824K, committed 11136K, reserved 1048576K
}
Event: 23.545 GC heap before
{Heap before GC invocations=27 (full 0):
 garbage-first heap   total 133120K, used 96155K [0x0000000702800000, 0x0000000800000000)
  region size 2048K, 19 young (38912K), 4 survivors (8192K)
 Metaspace       used 73204K, committed 73856K, reserved 1114112K
  class space    used 10824K, committed 11136K, reserved 1048576K
}
Event: 23.552 GC heap after
{Heap after GC invocations=28 (full 0):
 garbage-first heap   total 133120K, used 75814K [0x0000000702800000, 0x0000000800000000)
  region size 2048K, 3 young (6144K), 3 survivors (6144K)
 Metaspace       used 73204K, committed 73856K, reserved 1114112K
  class space    used 10824K, committed 11136K, reserved 1048576K
}
Event: 23.595 GC heap before
{Heap before GC invocations=28 (full 0):
 garbage-first heap   total 133120K, used 98342K [0x0000000702800000, 0x0000000800000000)
  region size 2048K, 14 young (28672K), 3 survivors (6144K)
 Metaspace       used 73228K, committed 73856K, reserved 1114112K
  class space    used 10831K, committed 11136K, reserved 1048576K
}
Event: 23.601 GC heap after
{Heap after GC invocations=29 (full 0):
 garbage-first heap   total 133120K, used 83196K [0x0000000702800000, 0x0000000800000000)
  region size 2048K, 2 young (4096K), 2 survivors (4096K)
 Metaspace       used 73228K, committed 73856K, reserved 1114112K
  class space    used 10831K, committed 11136K, reserved 1048576K
}
Event: 23.680 GC heap before
{Heap before GC invocations=30 (full 0):
 garbage-first heap   total 167936K, used 99580K [0x0000000702800000, 0x0000000800000000)
  region size 2048K, 10 young (20480K), 2 survivors (4096K)
 Metaspace       used 73372K, committed 73984K, reserved 1114112K
  class space    used 10848K, committed 11136K, reserved 1048576K
}
Event: 23.684 GC heap after
{Heap after GC invocations=31 (full 0):
 garbage-first heap   total 270336K, used 86960K [0x0000000702800000, 0x0000000800000000)
  region size 2048K, 2 young (4096K), 2 survivors (4096K)
 Metaspace       used 73372K, committed 73984K, reserved 1114112K
  class space    used 10848K, committed 11136K, reserved 1048576K
}
Event: 23.892 GC heap before
{Heap before GC invocations=31 (full 0):
 garbage-first heap   total 270336K, used 168880K [0x0000000702800000, 0x0000000800000000)
  region size 2048K, 42 young (86016K), 2 survivors (4096K)
 Metaspace       used 73433K, committed 74048K, reserved 1114112K
  class space    used 10852K, committed 11136K, reserved 1048576K
}
Event: 23.898 GC heap after
{Heap after GC invocations=32 (full 0):
 garbage-first heap   total 270336K, used 94007K [0x0000000702800000, 0x0000000800000000)
  region size 2048K, 5 young (10240K), 5 survivors (10240K)
 Metaspace       used 73433K, committed 74048K, reserved 1114112K
  class space    used 10852K, committed 11136K, reserved 1048576K
}
Event: 48.639 GC heap before
{Heap before GC invocations=32 (full 0):
 garbage-first heap   total 270336K, used 192311K [0x0000000702800000, 0x0000000800000000)
  region size 2048K, 53 young (108544K), 5 survivors (10240K)
 Metaspace       used 82650K, committed 83328K, reserved 1179648K
  class space    used 12123K, committed 12480K, reserved 1048576K
}
Event: 48.645 GC heap after
{Heap after GC invocations=33 (full 0):
 garbage-first heap   total 270336K, used 94383K [0x0000000702800000, 0x0000000800000000)
  region size 2048K, 4 young (8192K), 4 survivors (8192K)
 Metaspace       used 82650K, committed 83328K, reserved 1179648K
  class space    used 12123K, committed 12480K, reserved 1048576K
}
Event: 172.977 GC heap before
{Heap before GC invocations=33 (full 0):
 garbage-first heap   total 270336K, used 198831K [0x0000000702800000, 0x0000000800000000)
  region size 2048K, 55 young (112640K), 4 survivors (8192K)
 Metaspace       used 82685K, committed 83392K, reserved 1179648K
  class space    used 12128K, committed 12480K, reserved 1048576K
}
Event: 173.009 GC heap after
{Heap after GC invocations=34 (full 0):
 garbage-first heap   total 270336K, used 94229K [0x0000000702800000, 0x0000000800000000)
  region size 2048K, 4 young (8192K), 4 survivors (8192K)
 Metaspace       used 82685K, committed 83392K, reserved 1179648K
  class space    used 12128K, committed 12480K, reserved 1048576K
}
Event: 263.369 GC heap before
{Heap before GC invocations=34 (full 0):
 garbage-first heap   total 270336K, used 161813K [0x0000000702800000, 0x0000000800000000)
  region size 2048K, 38 young (77824K), 4 survivors (8192K)
 Metaspace       used 82816K, committed 83520K, reserved 1179648K
  class space    used 12155K, committed 12480K, reserved 1048576K
}
Event: 265.819 GC heap after
{Heap after GC invocations=35 (full 1):
 garbage-first heap   total 172032K, used 45219K [0x0000000702800000, 0x0000000800000000)
  region size 2048K, 0 young (0K), 0 survivors (0K)
 Metaspace       used 82769K, committed 83520K, reserved 1179648K
  class space    used 12144K, committed 12480K, reserved 1048576K
}
Event: 283.386 GC heap before
{Heap before GC invocations=35 (full 1):
 garbage-first heap   total 172032K, used 116899K [0x0000000702800000, 0x0000000800000000)
  region size 2048K, 36 young (73728K), 0 survivors (0K)
 Metaspace       used 84035K, committed 84736K, reserved 1179648K
  class space    used 12290K, committed 12608K, reserved 1048576K
}
Event: 283.403 GC heap after
{Heap after GC invocations=36 (full 1):
 garbage-first heap   total 172032K, used 50933K [0x0000000702800000, 0x0000000800000000)
  region size 2048K, 3 young (6144K), 3 survivors (6144K)
 Metaspace       used 84035K, committed 84736K, reserved 1179648K
  class space    used 12290K, committed 12608K, reserved 1048576K
}
Event: 284.631 GC heap before
{Heap before GC invocations=36 (full 1):
 garbage-first heap   total 172032K, used 122613K [0x0000000702800000, 0x0000000800000000)
  region size 2048K, 38 young (77824K), 3 survivors (6144K)
 Metaspace       used 85777K, committed 86464K, reserved 1179648K
  class space    used 12497K, committed 12800K, reserved 1048576K
}
Event: 284.645 GC heap after
{Heap after GC invocations=37 (full 1):
 garbage-first heap   total 172032K, used 54752K [0x0000000702800000, 0x0000000800000000)
  region size 2048K, 5 young (10240K), 5 survivors (10240K)
 Metaspace       used 85777K, committed 86464K, reserved 1179648K
  class space    used 12497K, committed 12800K, reserved 1048576K
}

