<?xml version="1.0" encoding="UTF-8"?>
<testsuite xmlns:xsi="http://www.w3.org/2001/XMLSchema-instance" xsi:noNamespaceSchemaLocation="https://maven.apache.org/surefire/maven-surefire-plugin/xsd/surefire-test-report.xsd" version="3.0.2" name="com.example.proyectosanmiguel.ProyectoSanMiguelApplicationTests" time="11.085" tests="1" errors="0" skipped="0" failures="0">
  <properties>
[...]
</properties>
  <testcase name="contextLoads" classname="com.example.proyectosanmiguel.ProyectoSanMiguelApplicationTests" time="0.294">
    <system-out><![CDATA[23:57:13.664 [main] INFO org.springframework.test.context.support.AnnotationConfigContextLoaderUtils -- Could not detect default configuration classes for test class [com.example.proyectosanmiguel.ProyectoSanMiguelApplicationTests]: ProyectoSanMiguelApplicationTests does not declare any static, non-private, non-final, nested classes annotated with @Configuration.
23:57:13.786 [main] INFO org.springframework.boot.test.context.SpringBootTestContextBootstrapper -- Found @SpringBootConfiguration com.example.proyectosanmiguel.ProyectoSanMiguelApplication for test class com.example.proyectosanmiguel.ProyectoSanMiguelApplicationTests
23:57:13.947 [main] INFO org.springframework.boot.devtools.restart.RestartApplicationListener -- Restart disabled due to context in which it is running

  .   ____          _            __ _ _
 /\\ / ___'_ __ _ _(_)_ __  __ _ \ \ \ \
( ( )\___ | '_ | '_| | '_ \/ _` | \ \ \ \
 \\/  ___)| |_)| | | | | || (_| |  ) ) ) )
  '  |____| .__|_| |_|_| |_\__, | / / / /
 =========|_|==============|___/=/_/_/_/

 :: Spring Boot ::                (v3.4.4)

2025-07-05T23:57:14.159-05:00  WARN 12320 --- [ProyectoSanMiguel] [           main] ory$DuplicateJsonObjectContextCustomizer : 

Found multiple occurrences of org.json.JSONObject on the class path:

	jar:file:/C:/Users/Tony/.m2/repository/com/vaadin/external/google/android-json/0.0.20131108.vaadin1/android-json-0.0.20131108.vaadin1.jar!/org/json/JSONObject.class
	jar:file:/C:/Users/Tony/.m2/repository/org/json/json/20240303/json-20240303.jar!/org/json/JSONObject.class

You may wish to exclude one of them to ensure predictable runtime behavior

2025-07-05T23:57:14.173-05:00  INFO 12320 --- [ProyectoSanMiguel] [           main] c.e.p.ProyectoSanMiguelApplicationTests  : Starting ProyectoSanMiguelApplicationTests using Java 17.0.15 with PID 12320 (started by Tony in C:\Users\Tony\Desktop\GIT_Repositories\GTICs\gtics\ProyectoSanMiguel)
2025-07-05T23:57:14.174-05:00  INFO 12320 --- [ProyectoSanMiguel] [           main] c.e.p.ProyectoSanMiguelApplicationTests  : No active profile set, falling back to 1 default profile: "default"
2025-07-05T23:57:15.265-05:00  INFO 12320 --- [ProyectoSanMiguel] [           main] .s.d.r.c.RepositoryConfigurationDelegate : Bootstrapping Spring Data JPA repositories in DEFAULT mode.
2025-07-05T23:57:15.443-05:00  INFO 12320 --- [ProyectoSanMiguel] [           main] .s.d.r.c.RepositoryConfigurationDelegate : Finished Spring Data repository scanning in 164 ms. Found 21 JPA repository interfaces.
2025-07-05T23:57:16.176-05:00  INFO 12320 --- [ProyectoSanMiguel] [           main] com.zaxxer.hikari.HikariDataSource       : HikariPool-1 - Starting...
2025-07-05T23:57:16.521-05:00  INFO 12320 --- [ProyectoSanMiguel] [           main] com.zaxxer.hikari.pool.HikariPool        : HikariPool-1 - Added connection com.mysql.cj.jdbc.ConnectionImpl@3e9b3b3c
2025-07-05T23:57:16.523-05:00  INFO 12320 --- [ProyectoSanMiguel] [           main] com.zaxxer.hikari.HikariDataSource       : HikariPool-1 - Start completed.
2025-07-05T23:57:16.820-05:00  INFO 12320 --- [ProyectoSanMiguel] [           main] o.hibernate.jpa.internal.util.LogHelper  : HHH000204: Processing PersistenceUnitInfo [name: default]
2025-07-05T23:57:16.992-05:00  INFO 12320 --- [ProyectoSanMiguel] [           main] org.hibernate.Version                    : HHH000412: Hibernate ORM core version 6.6.11.Final
2025-07-05T23:57:17.108-05:00  INFO 12320 --- [ProyectoSanMiguel] [           main] o.h.c.internal.RegionFactoryInitiator    : HHH000026: Second-level cache disabled
2025-07-05T23:57:17.389-05:00  INFO 12320 --- [ProyectoSanMiguel] [           main] o.s.o.j.p.SpringPersistenceUnitInfo      : No LoadTimeWeaver setup: ignoring JPA class transformer
2025-07-05T23:57:17.454-05:00  INFO 12320 --- [ProyectoSanMiguel] [           main] org.hibernate.orm.connections.pooling    : HHH10001005: Database info:
	Database JDBC URL [Connecting through datasource 'HikariDataSource (HikariPool-1)']
	Database driver: undefined/unknown
	Database version: 8.0.39
	Autocommit mode: undefined/unknown
	Isolation level: undefined/unknown
	Minimum pool size: undefined/unknown
	Maximum pool size: undefined/unknown
2025-07-05T23:57:18.705-05:00  INFO 12320 --- [ProyectoSanMiguel] [           main] o.h.e.t.j.p.i.JtaPlatformInitiator       : HHH000489: No JTA platform available (set 'hibernate.transaction.jta.platform' to enable JTA platform integration)
2025-07-05T23:57:18.707-05:00  INFO 12320 --- [ProyectoSanMiguel] [           main] j.LocalContainerEntityManagerFactoryBean : Initialized JPA EntityManagerFactory for persistence unit 'default'
2025-07-05T23:57:20.149-05:00  INFO 12320 --- [ProyectoSanMiguel] [           main] o.s.d.j.r.query.QueryEnhancerFactory     : Hibernate is in classpath; If applicable, HQL parser will be used.
2025-07-05T23:57:21.766-05:00  INFO 12320 --- [ProyectoSanMiguel] [           main] c.e.proyectosanmiguel.config.S3Config    : Usando DefaultCredentialsProvider AWS
Usando DefaultCredentialsProvider AWS
2025-07-05T23:57:22.206-05:00  INFO 12320 --- [ProyectoSanMiguel] [           main] c.e.proyectosanmiguel.config.S3Config    : Usando DefaultCredentialsProvider AWS
Usando DefaultCredentialsProvider AWS
2025-07-05T23:57:22.412-05:00  WARN 12320 --- [ProyectoSanMiguel] [           main] JpaBaseConfiguration$JpaWebConfiguration : spring.jpa.open-in-view is enabled by default. Therefore, database queries may be performed during view rendering. Explicitly configure spring.jpa.open-in-view to disable this warning
2025-07-05T23:57:22.522-05:00  INFO 12320 --- [ProyectoSanMiguel] [           main] o.s.s.p.JdbcUserDetailsManager           : No authentication manager set. Reauthentication of users when changing passwords will not be performed.
2025-07-05T23:57:22.530-05:00  INFO 12320 --- [ProyectoSanMiguel] [           main] r$InitializeUserDetailsManagerConfigurer : Global AuthenticationManager configured with UserDetailsService bean with name users
2025-07-05T23:57:22.763-05:00  INFO 12320 --- [ProyectoSanMiguel] [           main] o.s.b.a.w.s.WelcomePageHandlerMapping    : Adding welcome page template: index
2025-07-05T23:57:23.220-05:00  INFO 12320 --- [ProyectoSanMiguel] [           main] o.s.b.a.e.web.EndpointLinksResolver      : Exposing 1 endpoint beneath base path '/actuator'
2025-07-05T23:57:24.290-05:00  INFO 12320 --- [ProyectoSanMiguel] [           main] c.e.p.ProyectoSanMiguelApplicationTests  : Started ProyectoSanMiguelApplicationTests in 10.352 seconds (process running for 11.237)
]]></system-out>
  </testcase>
</testsuite>